\BOOKMARK [1][-]{section.1}{Table of Contents}{}% 1
\BOOKMARK [1][-]{section.2}{Installation}{}% 2
\BOOKMARK [2][-]{subsection.2.1}{General Prerequisites}{section.2}% 3
\BOOKMARK [2][-]{subsection.2.2}{Python Prerequisites}{section.2}% 4
\BOOKMARK [2][-]{subsection.2.3}{Install Python and Python Packages}{section.2}% 5
\BOOKMARK [2][-]{subsection.2.4}{Download and Install MSMBuilder}{section.2}% 6
\BOOKMARK [1][-]{section.3}{MSMBuilder Design and Usage}{}% 7
\BOOKMARK [1][-]{section.4}{Tutorial}{}% 8
\BOOKMARK [2][-]{subsection.4.1}{MSM Construction}{section.4}% 9
\BOOKMARK [3][-]{subsubsection.4.1.1}{Overview of MSM Construction}{subsection.4.1}% 10
\BOOKMARK [2][-]{subsection.4.2}{Alanine Dipeptide Tutorial}{section.4}% 11
\BOOKMARK [3][-]{subsubsection.4.2.1}{Move to tutorial directory, prepare trajectories}{subsection.4.2}% 12
\BOOKMARK [3][-]{subsubsection.4.2.2}{Create an MSMBuilder Project}{subsection.4.2}% 13
\BOOKMARK [3][-]{subsubsection.4.2.3}{Cluster your data}{subsection.4.2}% 14
\BOOKMARK [3][-]{subsubsection.4.2.4}{Alternative Clustering Protocols}{subsection.4.2}% 15
\BOOKMARK [3][-]{subsubsection.4.2.5}{Validate microstate model with relaxation timescales.}{subsection.4.2}% 16
\BOOKMARK [3][-]{subsubsection.4.2.6}{Construct MSM at appropriate lagtime}{subsection.4.2}% 17
\BOOKMARK [3][-]{subsubsection.4.2.7}{Construct a Macrostate MSM}{subsection.4.2}% 18
\BOOKMARK [3][-]{subsubsection.4.2.8}{Examining the macrostate decomposition}{subsection.4.2}% 19
\BOOKMARK [3][-]{subsubsection.4.2.9}{Calculate Macrostate Implied Timescales}{subsection.4.2}% 20
\BOOKMARK [3][-]{subsubsection.4.2.10}{Visualizing Structures with Pymol}{subsection.4.2}% 21
\BOOKMARK [2][-]{subsection.4.3}{MSMBuilder Commands}{section.4}% 22
\BOOKMARK [3][-]{subsubsection.4.3.1}{ConvertDataToHDF.py}{subsection.4.3}% 23
\BOOKMARK [3][-]{subsubsection.4.3.2}{CreateAtomIndices.py}{subsection.4.3}% 24
\BOOKMARK [3][-]{subsubsection.4.3.3}{Cluster.py}{subsection.4.3}% 25
\BOOKMARK [3][-]{subsubsection.4.3.4}{Assign.py / AssignHierarchical.py}{subsection.4.3}% 26
\BOOKMARK [3][-]{subsubsection.4.3.5}{CalculateImpliedTimescales.py}{subsection.4.3}% 27
\BOOKMARK [3][-]{subsubsection.4.3.6}{PlotImpliedTimescales.py}{subsection.4.3}% 28
\BOOKMARK [3][-]{subsubsection.4.3.7}{BuildMSM.py}{subsection.4.3}% 29
\BOOKMARK [3][-]{subsubsection.4.3.8}{GetRandomConfs.py}{subsection.4.3}% 30
\BOOKMARK [3][-]{subsubsection.4.3.9}{CalculateClusterRadii.py}{subsection.4.3}% 31
\BOOKMARK [3][-]{subsubsection.4.3.10}{CalculateRMSD.py}{subsection.4.3}% 32
\BOOKMARK [3][-]{subsubsection.4.3.11}{CalculateProjectRMSD.py}{subsection.4.3}% 33
\BOOKMARK [3][-]{subsubsection.4.3.12}{CalculateTPT.py}{subsection.4.3}% 34
\BOOKMARK [3][-]{subsubsection.4.3.13}{SavePDBs.py}{subsection.4.3}% 35
\BOOKMARK [3][-]{subsubsection.4.3.14}{PCCA.py}{subsection.4.3}% 36
\BOOKMARK [3][-]{subsubsection.4.3.15}{BACE\137Coarse\137Graining.py}{subsection.4.3}% 37
\BOOKMARK [1][-]{section.5}{Frequently Asked Questions}{}% 38
